<?xml version="1.0" encoding="UTF-8"?>
<testsuite xmlns:xsi="http://www.w3.org/2001/XMLSchema-instance" xsi:noNamespaceSchemaLocation="https://maven.apache.org/surefire/maven-surefire-plugin/xsd/surefire-test-report.xsd" name="JavaSimpleLinkedListTest" time="0.044" tests="14" errors="0" skipped="0" failures="5">
  <properties>
    <property name="java.specification.version" value="17"/>
    <property name="sun.jnu.encoding" value="UTF-8"/>
    <property name="java.class.path" value="/home/myid/ltb23581/cs1302/project4/mavenshapes/target/test-classes:/home/myid/ltb23581/cs1302/project4/mavenshapes/target/classes:/home/myid/ltb23581/.m2/repository/junit/junit/4.13.2/junit-4.13.2.jar:/home/myid/ltb23581/.m2/repository/org/hamcrest/hamcrest-core/1.3/hamcrest-core-1.3.jar:"/>
    <property name="java.vm.vendor" value="Oracle Corporation"/>
    <property name="sun.arch.data.model" value="64"/>
    <property name="java.vendor.url" value="https://java.oracle.com/"/>
    <property name="os.name" value="Linux"/>
    <property name="java.vm.specification.version" value="17"/>
    <property name="sun.java.launcher" value="SUN_STANDARD"/>
    <property name="user.country" value="US"/>
    <property name="sun.boot.library.path" value="/usr/local/java/jdk-17.0.3.1/lib"/>
    <property name="sun.java.command" value="/home/myid/ltb23581/cs1302/project4/mavenshapes/target/surefire/surefirebooter17514921044164698781.jar /home/myid/ltb23581/cs1302/project4/mavenshapes/target/surefire 2023-07-23T13-19-44_858-jvmRun1 surefire16671532280356966683tmp surefire_0601149724599006031tmp"/>
    <property name="jdk.debug" value="release"/>
    <property name="surefire.test.class.path" value="/home/myid/ltb23581/cs1302/project4/mavenshapes/target/test-classes:/home/myid/ltb23581/cs1302/project4/mavenshapes/target/classes:/home/myid/ltb23581/.m2/repository/junit/junit/4.13.2/junit-4.13.2.jar:/home/myid/ltb23581/.m2/repository/org/hamcrest/hamcrest-core/1.3/hamcrest-core-1.3.jar:"/>
    <property name="sun.cpu.endian" value="little"/>
    <property name="user.home" value="/home/myid/ltb23581"/>
    <property name="user.language" value="en"/>
    <property name="java.specification.vendor" value="Oracle Corporation"/>
    <property name="java.version.date" value="2022-04-22"/>
    <property name="java.home" value="/usr/local/java/jdk-17.0.3.1"/>
    <property name="file.separator" value="/"/>
    <property name="basedir" value="/home/myid/ltb23581/cs1302/project4/mavenshapes"/>
    <property name="java.vm.compressedOopsMode" value="Zero based"/>
    <property name="line.separator" value="&#10;"/>
    <property name="java.vm.specification.vendor" value="Oracle Corporation"/>
    <property name="java.specification.name" value="Java Platform API Specification"/>
    <property name="surefire.real.class.path" value="/home/myid/ltb23581/cs1302/project4/mavenshapes/target/surefire/surefirebooter17514921044164698781.jar"/>
    <property name="sun.management.compiler" value="HotSpot 64-Bit Tiered Compilers"/>
    <property name="java.runtime.version" value="17.0.3.1+2-LTS-6"/>
    <property name="user.name" value="ltb23581"/>
    <property name="path.separator" value=":"/>
    <property name="os.version" value="3.10.0-1160.42.2.el7.x86_64"/>
    <property name="java.runtime.name" value="Java(TM) SE Runtime Environment"/>
    <property name="file.encoding" value="UTF-8"/>
    <property name="java.vm.name" value="Java HotSpot(TM) 64-Bit Server VM"/>
    <property name="localRepository" value="/home/myid/ltb23581/.m2/repository"/>
    <property name="java.vendor.url.bug" value="https://bugreport.java.com/bugreport/"/>
    <property name="java.io.tmpdir" value="/tmp"/>
    <property name="java.version" value="17.0.3.1"/>
    <property name="user.dir" value="/home/myid/ltb23581/cs1302/project4/mavenshapes"/>
    <property name="os.arch" value="amd64"/>
    <property name="java.vm.specification.name" value="Java Virtual Machine Specification"/>
    <property name="native.encoding" value="UTF-8"/>
    <property name="java.library.path" value="/usr/java/packages/lib:/usr/lib64:/lib64:/lib:/usr/lib"/>
    <property name="java.vm.info" value="mixed mode, sharing"/>
    <property name="java.vendor" value="Oracle Corporation"/>
    <property name="java.vm.version" value="17.0.3.1+2-LTS-6"/>
    <property name="sun.io.unicode.encoding" value="UnicodeLittle"/>
    <property name="java.class.version" value="61.0"/>
  </properties>
  <testcase name="testAddException" classname="JavaSimpleLinkedListTest" time="0.002"/>
  <testcase name="testAdd" classname="JavaSimpleLinkedListTest" time="0.003">
    <failure message="expected:&lt;2&gt; but was:&lt;3&gt;" type="java.lang.AssertionError"><![CDATA[java.lang.AssertionError: expected:<2> but was:<3>
	at JavaSimpleLinkedListTest.testAdd(JavaSimpleLinkedListTest.java:19)
]]></failure>
  </testcase>
  <testcase name="testRemoveException1" classname="JavaSimpleLinkedListTest" time="0"/>
  <testcase name="testAdd1" classname="JavaSimpleLinkedListTest" time="0">
    <failure message="expected:&lt;1&gt; but was:&lt;2&gt;" type="java.lang.AssertionError"><![CDATA[java.lang.AssertionError: expected:<1> but was:<2>
	at JavaSimpleLinkedListTest.testAdd1(JavaSimpleLinkedListTest.java:31)
]]></failure>
  </testcase>
  <testcase name="testAdd2" classname="JavaSimpleLinkedListTest" time="0"/>
  <testcase name="testRemoveException" classname="JavaSimpleLinkedListTest" time="0"/>
  <testcase name="testAddException1" classname="JavaSimpleLinkedListTest" time="0.001"/>
  <testcase name="testRemove1" classname="JavaSimpleLinkedListTest" time="0"/>
  <testcase name="testRemove2" classname="JavaSimpleLinkedListTest" time="0"/>
  <testcase name="testIndexOf1" classname="JavaSimpleLinkedListTest" time="0">
    <failure message="expected:&lt;2&gt; but was:&lt;-1&gt;" type="java.lang.AssertionError"><![CDATA[java.lang.AssertionError: expected:<2> but was:<-1>
	at JavaSimpleLinkedListTest.testIndexOf1(JavaSimpleLinkedListTest.java:149)
]]></failure>
  </testcase>
  <testcase name="testIndexOf2" classname="JavaSimpleLinkedListTest" time="0.001">
    <failure message="expected:&lt;0&gt; but was:&lt;-1&gt;" type="java.lang.AssertionError"><![CDATA[java.lang.AssertionError: expected:<0> but was:<-1>
	at JavaSimpleLinkedListTest.testIndexOf2(JavaSimpleLinkedListTest.java:162)
]]></failure>
  </testcase>
  <testcase name="testIndexOf3" classname="JavaSimpleLinkedListTest" time="0">
    <failure message="expected:&lt;1&gt; but was:&lt;-1&gt;" type="java.lang.AssertionError"><![CDATA[java.lang.AssertionError: expected:<1> but was:<-1>
	at JavaSimpleLinkedListTest.testIndexOf3(JavaSimpleLinkedListTest.java:175)
]]></failure>
  </testcase>
  <testcase name="testIndexOf" classname="JavaSimpleLinkedListTest" time="0"/>
  <testcase name="testRemove" classname="JavaSimpleLinkedListTest" time="0"/>
</testsuite>